<?xml version="1.0" encoding="UTF-8" standalone="yes"?><!DOCTYPE report PUBLIC "-//JACOCO//DTD Report 1.1//EN" "report.dtd"><report name="project"><sessioninfo id="Victor-16631ad0" start="1749815324431" dump="1749815325181"/><sessioninfo id="Victor-33d8b22" start="1749822418318" dump="1749822419082"/><sessioninfo id="Victor-2642c1a7" start="1749822578513" dump="1749822579282"/><sessioninfo id="Victor-185b1b2a" start="1749822615713" dump="1749822616530"/><sessioninfo id="Victor-23f02fda" start="1749823148460" dump="1749823149207"/><sessioninfo id="Victor-2abff8af" start="1749823982907" dump="1749823983710"/><sessioninfo id="Victor-2b04e174" start="1749824185400" dump="1749824186180"/><sessioninfo id="Victor-e5eece" start="1749824470391" dump="1749824471165"/><sessioninfo id="Victor-ce4b81a4" start="1749824826913" dump="1749824827731"/></report>